Log file open, 12/07/14 21:52:01
LogInit:Display: Running engine for game: Escape_Vector
LogInit: Version: 4.3.1-2226335+++depot+UE4-Releases+4.3
LogInit: API Version: 2215663
LogInit: Compiled (64-bit): Jul 21 2014 22:28:08
LogInit: Build Configuration: Development
LogInit: Branch Name: ++depot+UE4-Releases+4.3
LogInit: Command line: 
LogInit: Base directory: E:/UE4/Unreal Engine/4.3/Engine/Binaries/Win64/
LogInit: Rocket: 1
[2014.12.08-02.52.01:342][  0]LogTaskGraph: Started task graph with 3 named threads and 4 total threads.
[2014.12.08-02.52.01:367][  0]LogOnline:Warning: No default platform service specified for OnlineSubsystem
[2014.12.08-02.52.01:371][  0]LogInit: Presizing for 0 objects not considered by GC, pre-allocating 0 bytes.
[2014.12.08-02.52.01:376][  0]LogInit: Object subsystem initialized
[2014.12.08-02.52.01:377][  0]LogInit: Selected Device Profile: [Windows]
[2014.12.08-02.52.01:377][  0]LogInit: Applying CVar settings loaded from the selected device profile: [Windows]
[2014.12.08-02.52.01:385][  0]LogInit: Computer: MARTIN_PC
[2014.12.08-02.52.01:385][  0]LogInit: User: Martin
[2014.12.08-02.52.01:386][  0]LogInit: CPU Page size=4096, Cores=4
[2014.12.08-02.52.01:386][  0]LogInit: High frequency timer resolution =3.320330 MHz
[2014.12.08-02.52.01:386][  0]LogMemory: Memory total: Physical=7.9GB (8GB approx) Virtual=131072.0GB
[2014.12.08-02.52.01:386][  0]LogMemory: Platform Memory Stats for Windows
[2014.12.08-02.52.01:386][  0]LogMemory: Process Physical Memory: 59.17 MB used, 59.29 MB peak
[2014.12.08-02.52.01:386][  0]LogMemory: Process Virtual Memory: 35.84 MB used, 35.96 MB peak
[2014.12.08-02.52.01:386][  0]LogMemory: Physical Memory: 5726.76 MB used, 8140.43 MB total
[2014.12.08-02.52.01:386][  0]LogMemory: Virtual Memory: 255.60 MB used, 134217728.00 MB total
[2014.12.08-02.52.01:406][  0]LogD3D11RHI: Found D3D11 adapter 0: NVIDIA GeForce GTX 660 Ti (Feature Level 11_0)
[2014.12.08-02.52.01:406][  0]LogD3D11RHI: Adapter has 1989MB of dedicated video memory, 0MB of dedicated system memory, and 2048MB of shared system memory, 2 output[s]
[2014.12.08-02.52.01:407][  0]LogD3D11RHI: Found D3D11 adapter 1: Microsoft Basic Render Driver (Feature Level 11_0)
[2014.12.08-02.52.01:407][  0]LogD3D11RHI: Adapter has 0MB of dedicated video memory, 0MB of dedicated system memory, and 256MB of shared system memory, 0 output[s]
[2014.12.08-02.52.01:407][  0]LogD3D11RHI: Chosen D3D11 Adapter Id = 0
[2014.12.08-02.52.01:410][  0]LogRHI: Texture pool is 1361 MB (70% of 1945 MB)
[2014.12.08-02.52.01:416][  0]LogD3D11RHI: Async texture creation enabled
[2014.12.08-02.52.01:501][  0]LogContentStreaming: Texture pool size is 0.000000MB
[2014.12.08-02.52.01:977][  0]LogTargetPlatformManager:Display: Building Assets For Windows
[2014.12.08-02.52.02:029][  0]LogTargetPlatformManager:Display: Building Assets For Windows
[2014.12.08-02.52.02:051][  0]LogDerivedDataCache:Display: Max Cache Size: 512 MB
[2014.12.08-02.52.02:086][  0]LogDerivedDataCache: Loaded boot cache 0.04s 39MB C:/Users/Martin/AppData/Local/UnrealEngine/4.3/DerivedDataCache/Boot.ddc.
[2014.12.08-02.52.02:086][  0]LogDerivedDataCache:Display: Loaded Boot cache: C:/Users/Martin/AppData/Local/UnrealEngine/4.3/DerivedDataCache/Boot.ddc
[2014.12.08-02.52.02:086][  0]LogDerivedDataCache: FDerivedDataBackendGraph:  Pak pak cache file ../../../../../../Escape_Vector/Escape_Vector/DerivedDataCache/DDC.ddp not found, will not use a pak cache.
[2014.12.08-02.52.02:086][  0]LogDerivedDataCache: Unable to find inner node Pak for hierarchical cache Hierarchy.
[2014.12.08-02.52.02:098][  0]LogDerivedDataCache:Display: Pak cache opened for reading ../../../Engine/DerivedDataCache/DDC.ddp.
[2014.12.08-02.52.02:110][  0]LogDerivedDataCache: Using Local data cache path C:/Users/Martin/AppData/Local/UnrealEngine/4.3/DerivedDataCache: Writable
[2014.12.08-02.52.02:212][  0]LogMeshUtilities: No automatic mesh reduction module available
[2014.12.08-02.52.02:212][  0]LogMeshUtilities: No automatic mesh merging module available
[2014.12.08-02.52.02:475][  0]LogInit: WinSock: version 1.1 (2.2), MaxSocks=32767, MaxUdp=65467
[2014.12.08-02.52.02:902][  0]LogLinker:Warning: Asset '../../../Engine/Plugins/Experimental/Paper2D/Content/DefaultPaperTerrainMaterial.uasset' has been saved with empty engine version. The asset will be loaded but may be incompatible.
[2014.12.08-02.52.02:902][  0]LogLinker:Warning: Asset '../../../Engine/Plugins/Experimental/Paper2D/Content/DummySprite.uasset' has been saved with empty engine version. The asset will be loaded but may be incompatible.
[2014.12.08-02.52.02:904][  0]UdpMessaging: Initializing bridge on interface 0.0.0.0:0 to multicast group 230.0.0.1:6666.
[2014.12.08-02.52.03:434][  0]SourceControl: Info Source control is disabled
[2014.12.08-02.52.03:434][  0]SourceControl: Info Source control is disabled
[2014.12.08-02.52.03:436][  0]SourceControl: Info Source control is disabled
[2014.12.08-02.52.03:552][  0]BlueprintLog: New page: Editor Load
[2014.12.08-02.52.03:574][  0]LogObj: 25369 objects as part of root set at end of initial load.
[2014.12.08-02.52.03:574][  0]LogUObjectAllocator: 5613664 out of 0 bytes used by permanent object pool.
[2014.12.08-02.52.03:680][  0]LogEngine: Initializing Engine...
[2014.12.08-02.52.03:747][  0]LogInit: XAudio2 using 'Speakers (Realtek High Definition Audio)' : 2 channels at 48 kHz using 32 bits per sample (channel mask 0x3)
[2014.12.08-02.52.03:753][  0]LogInit: FAudioDevice initialized.
[2014.12.08-02.52.03:760][  0]LogAIModule: Creating AISystem for world NewWorld
[2014.12.08-02.52.03:777][  0]LogDerivedDataCache: Saved boot cache 0.02s 39MB C:/Users/Martin/AppData/Local/UnrealEngine/4.3/DerivedDataCache/Boot.ddc.
[2014.12.08-02.52.03:781][  0]LogInit: Texture streaming: Enabled
[2014.12.08-02.52.03:797][  0]LogInit: Transaction tracking system initialized
[2014.12.08-02.52.03:845][  0]LogAssetRegistry: FAssetRegistry took 0.0108 seconds to start up
[2014.12.08-02.52.03:926][  0]LogTargetPlatformManager:Display: Building Assets For Windows
[2014.12.08-02.52.03:943][  0]LogTargetPlatformManager:Display: Building Assets For Windows
[2014.12.08-02.52.03:992][  0]LogConsoleResponse:Display: 
[2014.12.08-02.52.04:123][  0]SourceControl: Info Source control is disabled
[2014.12.08-02.52.04:123][  0]Cmd: MAP LOAD FILE="../../../../../../Escape_Vector/Escape_Vector/Content/Maps/Escapevector_Zone1.umap" TEMPLATE=0 SHOWPROGRESS=1
[2014.12.08-02.52.04:223][  0]LightingResults: New page: Lighting Build
[2014.12.08-02.52.04:226][  0]MapCheck: New page: Map Check
[2014.12.08-02.52.04:226][  0]LightingResults: New page: Lighting Build
[2014.12.08-02.52.04:238][  0]LogParticles: Destroying 0 GPU particle simulations for FXSystem 0x00000032402EF740
[2014.12.08-02.52.04:988][  0]LogLinker:Warning: Can't find file '/Game/Materials/MASTER/M_metal_01'
[2014.12.08-02.52.04:988][  0]LogLinker:Warning: Can't find file for asset '/Game/Materials/MASTER/M_metal_01' while loading ../../../../../../Escape_Vector/Escape_Vector/Content/Materials/Material_Constants/M_metal_01_Inst.uasset.
[2014.12.08-02.52.05:008][  0]LoadErrors:Error: Error /Game/Materials/Material_Constants/M_metal_01_Inst : Can't find file for asset. /Game/Materials/MASTER/M_metal_01
[2014.12.08-02.52.05:008][  0]LogLinker:Warning: Can't find file '/Game/Materials/MASTER/M_metal_01'
[2014.12.08-02.52.05:008][  0]LogLinker:Warning: Can't find file for asset '/Game/Materials/MASTER/M_metal_01' while loading ../../../../../../Escape_Vector/Escape_Vector/Content/Materials/Material_Constants/M_metal_01_Inst.uasset.
[2014.12.08-02.52.05:008][  0]LoadErrors:Error: Error /Game/Materials/Material_Constants/M_metal_01_Inst : Can't find file for asset. /Game/Materials/MASTER/M_metal_01
[2014.12.08-02.52.10:336][  0]LogLinker:Warning: Can't find file '/Game/Materials/MASTER/M_Roches_VP'
[2014.12.08-02.52.10:336][  0]LogLinker:Warning: Can't find file for asset '/Game/Materials/MASTER/M_Roches_VP' while loading ../../../../../../Escape_Vector/Escape_Vector/Content/Materials/Material_Constants/M_Roches_VP_Inst.uasset.
[2014.12.08-02.52.10:336][  0]LoadErrors:Error: Error /Game/Materials/Material_Constants/M_Roches_VP_Inst : Can't find file for asset. /Game/Materials/MASTER/M_Roches_VP
[2014.12.08-02.52.10:336][  0]LogLinker:Warning: Can't find file '/Game/Materials/MASTER/M_Roches_VP'
[2014.12.08-02.52.10:336][  0]LogLinker:Warning: Can't find file for asset '/Game/Materials/MASTER/M_Roches_VP' while loading ../../../../../../Escape_Vector/Escape_Vector/Content/Materials/Material_Constants/M_Roches_VP_Inst.uasset.
[2014.12.08-02.52.10:336][  0]LoadErrors:Error: Error /Game/Materials/Material_Constants/M_Roches_VP_Inst : Can't find file for asset. /Game/Materials/MASTER/M_Roches_VP
[2014.12.08-02.52.10:774][  0]LogLinker:Warning: Can't find file '/Game/Materials/MASTER/M_metal_01'
[2014.12.08-02.52.10:798][  0]LoadErrors: Info Failed to load /Game/Materials/MASTER/M_metal_01.M_metal_01 Referenced by M_metal_01_Inst Property /Script/Engine.MaterialInstance:Parent
[2014.12.08-02.52.10:798][  0]LogLinker:Warning: Can't find file for asset '/Game/Materials/MASTER/M_metal_01' while loading NULL.
[2014.12.08-02.52.10:798][  0]LoadErrors: Info Failed to load /Game/Materials/MASTER/M_metal_01.M_metal_01 Referenced by M_metal_01_Inst Property /Script/Engine.MaterialInstance:Parent
[2014.12.08-02.52.11:921][  0]LogLinker:Warning: Can't find file '/Game/Materials/MASTER/M_Roches_VP'
[2014.12.08-02.52.11:921][  0]LoadErrors: Info Failed to load /Game/Materials/MASTER/M_Roches_VP.M_Roches_VP Referenced by M_Roches_VP_Inst Property /Script/Engine.MaterialInstance:Parent
[2014.12.08-02.52.11:921][  0]LogLinker:Warning: Can't find file for asset '/Game/Materials/MASTER/M_Roches_VP' while loading NULL.
[2014.12.08-02.52.11:921][  0]LoadErrors: Info Failed to load /Game/Materials/MASTER/M_Roches_VP.M_Roches_VP Referenced by M_Roches_VP_Inst Property /Script/Engine.MaterialInstance:Parent
[2014.12.08-02.52.17:679][  0]LogMaterial:Warning: Material /Game/Materials/M_tubes_01.M_tubes_01 needed to have new flag set bUsedWithStaticLighting !
[2014.12.08-02.52.17:706][  0]LogMaterial: Missing cached shader map for material M_tubes_01, compiling.
[2014.12.08-02.52.17:803][  0]LogMaterial: 0.000091 seconds spent updating 1 materials, 1 interfaces, 1 instances, 0 with static permutations.
[2014.12.08-02.52.17:803][  0]LogMaterial:Warning: Material /Game/Materials/M_solar_panel_01.M_solar_panel_01 needed to have new flag set bUsedWithStaticLighting !
[2014.12.08-02.52.17:833][  0]LogMaterial: Missing cached shader map for material M_solar_panel_01, compiling.
[2014.12.08-02.52.17:836][  0]LogMaterial: 0.000081 seconds spent updating 1 materials, 1 interfaces, 1 instances, 0 with static permutations.
[2014.12.08-02.52.17:837][  0]LogMaterial:Warning: Material /Game/Materials/M_self_illumination.M_self_illumination needed to have new flag set bUsedWithStaticLighting !
[2014.12.08-02.52.17:838][  0]LogMaterial: Missing cached shader map for material M_self_illumination, compiling.
[2014.12.08-02.52.17:871][  0]LogMaterial: 0.000119 seconds spent updating 1 materials, 1 interfaces, 1 instances, 0 with static permutations.
[2014.12.08-02.52.18:037][  0]LogMaterial:Warning: Material /Game/Materials/M_arch.M_arch needed to have new flag set bUsedWithSkeletalMesh !
[2014.12.08-02.52.18:045][  0]LogMaterial: Missing cached shader map for material M_arch, compiling.
[2014.12.08-02.52.18:062][  0]LogMaterial: 0.000094 seconds spent updating 1 materials, 1 interfaces, 1 instances, 0 with static permutations.
[2014.12.08-02.52.18:062][  0]LogMaterial:Warning: Material /Game/Materials/M_solar_panel_01.M_solar_panel_01 needed to have new flag set bUsedWithSkeletalMesh !
[2014.12.08-02.52.18:064][  0]LogMaterial: Missing cached shader map for material M_solar_panel_01, compiling.
[2014.12.08-02.52.18:073][  0]LogMaterial: 0.000065 seconds spent updating 1 materials, 1 interfaces, 1 instances, 0 with static permutations.
[2014.12.08-02.52.18:898][  0]LogEditorServer: Finished looking for orphan Actors (0.000 secs)
[2014.12.08-02.52.18:899][  0]LogAIModule: Creating AISystem for world Escapevector_Zone1
[2014.12.08-02.52.18:962][  0]Cmd: MAP CHECKDEP
[2014.12.08-02.52.18:962][  0]MapCheck: New page: Escapevector_Zone1 - Dec 7, 2014, 4:52:18 PM
[2014.12.08-02.52.18:999][  0]MapCheck: Info ========== Map Check: 0 Error(s), 0 Warning(s), [37.151ms] ==========
[2014.12.08-02.52.18:999][  0]LogFileHelpers: Loading map 'Escapevector_Zone1' took 14.876
[2014.12.08-02.52.20:361][  0]LogCollectionManager: Loaded 0 collections in 0.000506 seconds
[2014.12.08-02.52.22:218][  0]LogCrashTracker: Crashtracker disabled due to settings.
[2014.12.08-02.52.22:597][  0]LogLoad: Full Startup: 22.03 seconds (BP compile: 0.80 seconds)
[2014.12.08-02.52.22:663][  0]LogContentBrowser:Verbose: The content browser source was changed by the sources view to '/Game/Assets/Roches'
[2014.12.08-02.52.23:592][  0]LogRenderer:Warning: Reallocating scene render targets to support 32x32.
[2014.12.08-02.52.24:878][  0]LogSlate: SRTH: 0000003251E06440, 1136 x 870
[2014.12.08-02.52.25:550][  0]LogRenderer:Warning: Reallocating scene render targets to support 1136x872.
[2014.12.08-02.52.25:842][  1]LogEpicStorage:Warning: EnumerateFiles request failed. Invalid response. code=403 error=<?xml version="1.0" encoding="UTF-8"?>
<Error><Code>AccessDenied</Code><Message>Access Denied</Message><RequestId>7743B0369CA45E72</RequestId><HostId>ZEu+gwQrbBn8Zlu2UfNQbpt7uanPINRplWcFSj8NfLyrOO25Zsb+QHezediefif2</HostId></Error>
[2014.12.08-02.52.26:016][  1]LogAssetRegistry: Asset discovery search completed in 22.1815 seconds
[2014.12.08-02.52.26:208][  2]LogEpicSurvey:Warning: EnumerateFiles request failed. Invalid response. code=403 error=<?xml version="1.0" encoding="UTF-8"?>
<Error><Code>AccessDenied</Code><Message>Access Denied</Message><RequestId>03D2A74731DF80DE</RequestId><HostId>12GZHxiQ4qJQ0XzssB54z7A0UnGM0AddeE3J+UIpPz/yFKb6WzVlNNqNK6pKnzAK</HostId></Error>
[2014.12.08-02.52.26:328][  3]LogEpicStorage:Warning: EnumerateFiles request failed. Invalid response. code=403 error=<?xml version="1.0" encoding="UTF-8"?>
<Error><Code>AccessDenied</Code><Message>Access Denied</Message><RequestId>8412DF9A72A724DD</RequestId><HostId>+CuoSAWGUFLwqFPOFsENoECmHbmsusmD86d0yg7rovoT9BBFbYvlrdeTF+xanpzr</HostId></Error>
[2014.12.08-02.52.26:385][  4]LogEpicSurvey:Warning: EnumerateFiles request failed. Invalid response. code=403 error=<?xml version="1.0" encoding="UTF-8"?>
<Error><Code>AccessDenied</Code><Message>Access Denied</Message><RequestId>7BD9325473F007C9</RequestId><HostId>OjHHZxHY5LA0xNj/QQ5CHKvlnrvP6Cjx95zcEm6QusCTMjlLlCzVTaw8qpFV9qiz</HostId></Error>
[2014.12.08-02.52.26:642][  7]LogEpicStorage:Warning: ReadFile request failed. File request already pending for filename=http://cdn.unrealengine.com/newsfeed/blueprint_icon_b.png
[2014.12.08-02.52.26:747][  7]LogEpicStorage:Warning: ReadFile request failed. File request already pending for filename=http://cdn.unrealengine.com/newsfeed/blueprint_icon_b.png
[2014.12.08-02.52.52:585][289]Cmd: MAP LOAD FILE="../../../../../../Escape_Vector/Escape_Vector/Content/Maps/LDTest.umap" TEMPLATE=0 SHOWPROGRESS=1
[2014.12.08-02.52.52:585][289]LightingResults: New page: Lighting Build
[2014.12.08-02.52.52:607][289]LoadErrors: New page: Loading map: LDTest.umap
[2014.12.08-02.52.52:666][289]MapCheck: New page: Map Check
[2014.12.08-02.52.52:666][289]LightingResults: New page: Lighting Build
[2014.12.08-02.52.52:769][289]LogParticles: Destroying 0 GPU particle simulations for FXSystem 0x0000003248EF6840
[2014.12.08-02.52.53:305][289]LogStaticMesh: Building static mesh SM_arche_front_panels...
[2014.12.08-02.52.54:128][289]LogStaticMesh: Built static mesh [839.725586ms] /Game/Assets/Arch/SM_arche_front_panels.SM_arche_front_panels
[2014.12.08-02.52.54:288][289]LogStaticMesh: Building static mesh SM_arche_support...
[2014.12.08-02.52.54:749][289]LogStaticMesh: Built static mesh [462.343506ms] /Game/Assets/Arch/SM_arche_support.SM_arche_support
[2014.12.08-02.52.54:839][289]LogStaticMesh: Building static mesh Nouvealevel...
[2014.12.08-02.52.58:728][289]LogStaticMesh: Built static mesh [3890.158447ms] /Game/Meshes/Nouvealevel.Nouvealevel
[2014.12.08-02.52.59:204][289]LogTexture:Display: Building textures: HQ_Lightmap1_1 (AutoDXT)
[2014.12.08-02.52.59:232][289]LogTexture:Display: Building textures: LQ_Lightmap_1_1 (DXT1)
[2014.12.08-02.52.59:243][289]LogTexture:Display: Building textures: SkyOcclusion1_1 (AutoDXT)
[2014.12.08-02.52.59:572][289]LogEditorServer: Finished looking for orphan Actors (0.000 secs)
[2014.12.08-02.52.59:592][289]LogAIModule: Creating AISystem for world LDTest
[2014.12.08-02.52.59:620][289]Cmd: MAP CHECKDEP
[2014.12.08-02.52.59:620][289]MapCheck: New page: LDTest - Dec 7, 2014, 4:52:59 PM
[2014.12.08-02.52.59:656][289]MapCheck: Info ========== Map Check: 0 Error(s), 0 Warning(s), [35.208ms] ==========
[2014.12.08-02.52.59:656][289]LogFileHelpers: Loading map 'LDTest' took 7.071
[2014.12.08-02.55.18:229][650]LogContentBrowser:Verbose: The content browser source was changed by the sources view to '/Game/Blueprints'
[2014.12.08-02.55.26:504][881]LogSlate:Warning: GetFontFace failed to load or process 'Roboto-Regular'
[2014.12.08-02.55.26:513][881]LogSlate:Warning: GetFontFace failed to load or process 'Roboto-Regular'
[2014.12.08-02.55.26:551][881]LogSlate:Warning: GetFontFace failed to load or process 'Roboto-Regular'
[2014.12.08-02.55.26:551][881]LogSlate:Warning: GetFontFace failed to load or process 'Roboto-Regular'
[2014.12.08-02.55.26:551][881]LogSlate:Warning: GetFontFace failed to load or process 'Roboto-Regular'
[2014.12.08-02.55.26:551][881]LogSlate:Warning: GetFontFace failed to load or process 'Roboto-Regular'
[2014.12.08-02.55.26:551][881]LogSlate:Warning: GetFontFace failed to load or process 'Roboto-Regular'
[2014.12.08-02.55.26:551][881]LogSlate:Warning: GetFontFace failed to load or process 'Roboto-Regular'
[2014.12.08-02.55.26:551][881]LogSlate:Warning: GetFontFace failed to load or process 'Roboto-Regular'
[2014.12.08-02.55.26:551][881]LogSlate:Warning: GetFontFace failed to load or process 'Roboto-Regular'
[2014.12.08-02.55.26:551][881]LogSlate:Warning: GetFontFace failed to load or process 'Roboto-Regular'
[2014.12.08-02.55.26:551][881]LogSlate:Warning: GetFontFace failed to load or process 'Roboto-Regular'
[2014.12.08-02.55.26:551][881]LogSlate:Warning: GetFontFace failed to load or process 'Roboto-Regular'
[2014.12.08-02.55.26:551][881]LogSlate:Warning: GetFontFace failed to load or process 'Roboto-Regular'
[2014.12.08-02.55.26:551][881]LogSlate:Warning: GetFontFace failed to load or process 'Roboto-Regular'
[2014.12.08-02.55.26:551][881]LogSlate:Warning: GetFontFace failed to load or process 'Roboto-Regular'
[2014.12.08-02.55.26:551][881]LogSlate:Warning: GetFontFace failed to load or process 'Roboto-Regular'
[2014.12.08-02.55.26:551][881]LogSlate:Warning: GetFontFace failed to load or process 'Roboto-Regular'
[2014.12.08-02.55.27:298][881]LogSlate:Warning: Prevented a slow task dialog from being summoned while a context menu was open
[2014.12.08-02.55.31:623][ 69]LogSlate:Warning: GetFontFace failed to load or process 'Roboto-Regular'
[2014.12.08-02.55.31:623][ 69]LogSlate:Warning: GetFontFace failed to load or process 'Roboto-Regular'
[2014.12.08-02.57.39:313][235]LogSlate:Warning: GetFontFace failed to load or process 'Roboto-Regular'
[2014.12.08-02.57.39:313][235]LogSlate:Warning: GetFontFace failed to load or process 'Roboto-Regular'
[2014.12.08-02.57.39:313][235]LogSlate:Warning: GetFontFace failed to load or process 'Roboto-Regular'
[2014.12.08-02.58.34:280][874]BlueprintLog: New page: Compile MyHUD
[2014.12.08-02.58.34:607][874]LogActorComponent: UnregisterComponent: (/Engine/Transient.CharacterMovementComponent_0) Not registered. Aborting.
[2014.12.08-02.58.34:607][874]LogActorComponent: UnregisterComponent: (/Engine/Transient.CharacterMovementComponent_1) Not registered. Aborting.
[2014.12.08-02.58.34:699][874]BlueprintEditorCompileResults: Info [0393.87] Compile of MyHUD successful! [in 29 ms]
[2014.12.08-02.58.38:602][ 52]LogSlate:Warning: GetFontFace failed to load or process 'Roboto-Regular'
[2014.12.08-02.58.38:602][ 52]LogSlate:Warning: GetFontFace failed to load or process 'Roboto-Regular'
[2014.12.08-02.58.38:602][ 52]LogSlate:Warning: GetFontFace failed to load or process 'Roboto-Regular'
[2014.12.08-02.58.38:602][ 52]LogSlate:Warning: GetFontFace failed to load or process 'Roboto-Regular'
[2014.12.08-02.58.38:602][ 52]LogSlate:Warning: GetFontFace failed to load or process 'Roboto-Regular'
[2014.12.08-02.58.50:873][672]LogSlate:Warning: Prevented a slow task dialog from being summoned while a context menu was open
[2014.12.08-02.59.01:814][256]LogSlate:Warning: GetFontFace failed to load or process 'Roboto-Regular'
[2014.12.08-02.59.01:814][256]LogSlate:Warning: GetFontFace failed to load or process 'Roboto-Regular'
[2014.12.08-02.59.01:814][256]LogSlate:Warning: GetFontFace failed to load or process 'Roboto-Regular'
[2014.12.08-03.02.39:623][ 15]LogFileHelpers: Editor autosave (incl. sublevels) for '/Game/Maps/LDTest' took 0.032
[2014.12.08-03.02.39:669][ 15]OBJ SavePackage: Generating thumbnails for [1] asset(s) in package [/Game/Blueprints/Beamer] ([1] browsable assets)...
[2014.12.08-03.02.39:712][ 15]OBJ SavePackage:     Rendered thumbnail for [Blueprint /Game/Blueprints/Beamer.Beamer]
[2014.12.08-03.02.39:712][ 15]OBJ SavePackage: Finished generating thumbnails for package [/Game/Blueprints/Beamer]
[2014.12.08-03.02.39:715][ 15]Cmd: OBJ SAVEPACKAGE PACKAGE="/Game/Blueprints/Beamer" FILE="../../../../../../Escape_Vector/Escape_Vector/Saved/Autosaves/Game/Blueprints/Beamer_Auto1.uasset" SILENT=false AUTOSAVING=true
[2014.12.08-03.02.40:131][ 15]LogSavePackage: Save=317.974426ms
[2014.12.08-03.02.40:132][ 15]LogSavePackage: Moving '../../../../../../Escape_Vector/Escape_Vector/Saved/Beamer_Auto1D8875E6B48CFD421A4AAF18D3AD5EA4C.tmp' to '../../../../../../Escape_Vector/Escape_Vector/Saved/Autosaves/Game/Blueprints/Beamer_Auto1.uasset'
[2014.12.08-03.02.40:175][ 15]OBJ SavePackage: Generating thumbnails for [0] asset(s) in package [/Game/Blueprints/MyHUD] ([1] browsable assets)...
[2014.12.08-03.02.40:203][ 15]OBJ SavePackage: Finished generating thumbnails for package [/Game/Blueprints/MyHUD]
[2014.12.08-03.02.40:206][ 15]Cmd: OBJ SAVEPACKAGE PACKAGE="/Game/Blueprints/MyHUD" FILE="../../../../../../Escape_Vector/Escape_Vector/Saved/Autosaves/Game/Blueprints/MyHUD_Auto1.uasset" SILENT=false AUTOSAVING=true
[2014.12.08-03.02.40:330][ 15]LogSavePackage: Save=109.269257ms
[2014.12.08-03.02.40:330][ 15]LogSavePackage: Moving '../../../../../../Escape_Vector/Escape_Vector/Saved/MyHUD_Auto1E219641040E4CB1DAC268D9B8FB2B2C7.tmp' to '../../../../../../Escape_Vector/Escape_Vector/Saved/Autosaves/Game/Blueprints/MyHUD_Auto1.uasset'
[2014.12.08-03.02.40:342][ 15]OBJ SavePackage: Generating thumbnails for [1] asset(s) in package [/Game/Blueprints/BP_Escape_Vector_Character] ([1] browsable assets)...
[2014.12.08-03.02.40:375][ 15]OBJ SavePackage:     Rendered thumbnail for [Blueprint /Game/Blueprints/BP_Escape_Vector_Character.BP_Escape_Vector_Character]
[2014.12.08-03.02.40:375][ 15]OBJ SavePackage: Finished generating thumbnails for package [/Game/Blueprints/BP_Escape_Vector_Character]
[2014.12.08-03.02.40:764][ 15]LogSavePackage: Save=372.231689ms
[2014.12.08-03.02.40:764][ 15]LogSavePackage: Moving '../../../../../../Escape_Vector/Escape_Vector/Saved/BP_Escape_Vector_Character_Auto1F582CCA34D4FE12622B12C9A6BB9A74D.tmp' to '../../../../../../Escape_Vector/Escape_Vector/Saved/Autosaves/Game/Blueprints/BP_Escape_Vector_Character_Auto1.uasset'
[2014.12.08-03.02.40:776][ 15]OBJ SavePackage: Generating thumbnails for [1] asset(s) in package [/Game/Blueprints/Ship] ([1] browsable assets)...
[2014.12.08-03.02.40:799][ 15]OBJ SavePackage:     Rendered thumbnail for [Blueprint /Game/Blueprints/Ship.Ship]
[2014.12.08-03.02.40:799][ 15]OBJ SavePackage: Finished generating thumbnails for package [/Game/Blueprints/Ship]
[2014.12.08-03.02.40:801][ 15]Cmd: OBJ SAVEPACKAGE PACKAGE="/Game/Blueprints/Ship" FILE="../../../../../../Escape_Vector/Escape_Vector/Saved/Autosaves/Game/Blueprints/Ship_Auto1.uasset" SILENT=false AUTOSAVING=true
[2014.12.08-03.02.41:063][ 15]LogSavePackage: Save=242.916519ms
[2014.12.08-03.02.41:063][ 15]LogSavePackage: Moving '../../../../../../Escape_Vector/Escape_Vector/Saved/Ship_Auto176BB1B8943DD8CB15FE54DAB03272B06.tmp' to '../../../../../../Escape_Vector/Escape_Vector/Saved/Autosaves/Game/Blueprints/Ship_Auto1.uasset'
[2014.12.08-03.02.41:068][ 15]LogFileHelpers: Auto-saving content packages took 1.444
[2014.12.08-03.03.56:158][120]BlueprintLog: New page: Compile MyHUD
[2014.12.08-03.03.56:340][120]LogActorComponent: UnregisterComponent: (/Engine/Transient.CharacterMovementComponent_2) Not registered. Aborting.
[2014.12.08-03.03.56:393][120]BlueprintEditorCompileResults: Info [0715.72] Compile of MyHUD successful! [in 26 ms]
[2014.12.08-03.07.22:715][787]LogEpicStorage:Warning: ReadFile request failed. File request already pending for filename=http://cdn.unrealengine.com/newsfeed/blueprint_icon_b.png
[2014.12.08-03.07.22:716][787]LogEpicStorage:Warning: ReadFile request failed. File request already pending for filename=http://cdn.unrealengine.com/newsfeed/blueprint_icon_b.png
[2014.12.08-03.12.41:224][456]LogFileHelpers: Editor autosave (incl. sublevels) for '/Game/Maps/LDTest' took 0.037
[2014.12.08-03.12.41:234][456]OBJ SavePackage: Generating thumbnails for [0] asset(s) in package [/Game/Blueprints/Beamer] ([1] browsable assets)...
[2014.12.08-03.12.41:248][456]OBJ SavePackage: Finished generating thumbnails for package [/Game/Blueprints/Beamer]
[2014.12.08-03.12.41:253][456]Cmd: OBJ SAVEPACKAGE PACKAGE="/Game/Blueprints/Beamer" FILE="../../../../../../Escape_Vector/Escape_Vector/Saved/Autosaves/Game/Blueprints/Beamer_Auto2.uasset" SILENT=false AUTOSAVING=true
[2014.12.08-03.12.41:331][456]LogSavePackage: Save=37.732697ms
[2014.12.08-03.12.41:331][456]LogSavePackage: Moving '../../../../../../Escape_Vector/Escape_Vector/Saved/Beamer_Auto2AFAAC2554D63F6253754F18D7462911E.tmp' to '../../../../../../Escape_Vector/Escape_Vector/Saved/Autosaves/Game/Blueprints/Beamer_Auto2.uasset'
[2014.12.08-03.12.41:350][456]OBJ SavePackage: Generating thumbnails for [0] asset(s) in package [/Game/Blueprints/MyHUD] ([1] browsable assets)...
[2014.12.08-03.12.41:365][456]OBJ SavePackage: Finished generating thumbnails for package [/Game/Blueprints/MyHUD]
[2014.12.08-03.12.41:368][456]Cmd: OBJ SAVEPACKAGE PACKAGE="/Game/Blueprints/MyHUD" FILE="../../../../../../Escape_Vector/Escape_Vector/Saved/Autosaves/Game/Blueprints/MyHUD_Auto2.uasset" SILENT=false AUTOSAVING=true
[2014.12.08-03.12.41:523][456]LogSavePackage: Save=123.250702ms
[2014.12.08-03.12.41:523][456]LogSavePackage: Moving '../../../../../../Escape_Vector/Escape_Vector/Saved/MyHUD_Auto28C4F4BE14BBBBCD4916D68AD976310A8.tmp' to '../../../../../../Escape_Vector/Escape_Vector/Saved/Autosaves/Game/Blueprints/MyHUD_Auto2.uasset'
[2014.12.08-03.12.41:540][456]OBJ SavePackage: Generating thumbnails for [0] asset(s) in package [/Game/Blueprints/BP_Escape_Vector_Character] ([1] browsable assets)...
[2014.12.08-03.12.41:548][456]OBJ SavePackage: Finished generating thumbnails for package [/Game/Blueprints/BP_Escape_Vector_Character]
[2014.12.08-03.12.41:683][456]LogSavePackage: Save=102.630157ms
[2014.12.08-03.12.41:683][456]LogSavePackage: Moving '../../../../../../Escape_Vector/Escape_Vector/Saved/BP_Escape_Vector_Character_Auto23C4C0AAA4D8DFE284CDA0787FE65BD81.tmp' to '../../../../../../Escape_Vector/Escape_Vector/Saved/Autosaves/Game/Blueprints/BP_Escape_Vector_Character_Auto2.uasset'
[2014.12.08-03.12.41:718][456]OBJ SavePackage: Generating thumbnails for [0] asset(s) in package [/Game/Blueprints/Ship] ([1] browsable assets)...
[2014.12.08-03.12.41:731][456]OBJ SavePackage: Finished generating thumbnails for package [/Game/Blueprints/Ship]
[2014.12.08-03.12.41:737][456]Cmd: OBJ SAVEPACKAGE PACKAGE="/Game/Blueprints/Ship" FILE="../../../../../../Escape_Vector/Escape_Vector/Saved/Autosaves/Game/Blueprints/Ship_Auto2.uasset" SILENT=false AUTOSAVING=true
[2014.12.08-03.12.41:872][456]LogSavePackage: Save=104.585083ms
[2014.12.08-03.12.41:872][456]LogSavePackage: Moving '../../../../../../Escape_Vector/Escape_Vector/Saved/Ship_Auto22A5A76A04FA43F10D32CB092FB536B64.tmp' to '../../../../../../Escape_Vector/Escape_Vector/Saved/Autosaves/Game/Blueprints/Ship_Auto2.uasset'
[2014.12.08-03.12.41:881][456]LogFileHelpers: Auto-saving content packages took 0.657
[2014.12.08-03.22.22:791][307]LogEpicStorage:Warning: ReadFile request failed. File request already pending for filename=http://cdn.unrealengine.com/newsfeed/blueprint_icon_b.png
[2014.12.08-03.22.22:792][307]LogEpicStorage:Warning: ReadFile request failed. File request already pending for filename=http://cdn.unrealengine.com/newsfeed/blueprint_icon_b.png
[2014.12.08-03.36.31:720][968]LogParticles: Destroying 0 GPU particle simulations for FXSystem 0x0000003259525D00
[2014.12.08-03.36.35:762][969]Cmd: QUIT_EDITOR
[2014.12.08-03.36.36:115][969]LogWindowsTextInputMethodSystem:Error: Terminating failed while unadvising the language notification sink from the TSF source.
[2014.12.08-03.36.36:254][969]LogExit: Preparing to exit.
[2014.12.08-03.36.39:705][969]LogExit: Editor shut down
[2014.12.08-03.36.39:706][969]LogExit: Transaction tracking system shut down
[2014.12.08-03.36.39:708][969]LogParticles: Destroying 0 GPU particle simulations for FXSystem 0x00000032394DA5C0
[2014.12.08-03.36.39:708][969]LogParticles: Destroying 0 GPU particle simulations for FXSystem 0x0000003253D70220
[2014.12.08-03.36.41:473][969]LogParticles: Destroying 0 GPU particle simulations for FXSystem 0x0000003253AE7B00
[2014.12.08-03.36.41:473][969]LogExit: Object subsystem successfully closed.
[2014.12.08-03.36.42:528][969]LogModuleManager: Shutting down and abandoning module AndroidDeviceDetection (173)
[2014.12.08-03.36.42:540][969]LogModuleManager: Shutting down and abandoning module GameLiveStreaming (172)
[2014.12.08-03.36.42:547][969]LogModuleManager: Shutting down and abandoning module CrashTracker (171)
[2014.12.08-03.36.42:547][969]LogModuleManager: Shutting down and abandoning module HTTP (170)
[2014.12.08-03.36.42:547][969]LogModuleManager: Shutting down and abandoning module NewsFeed (169)
[2014.12.08-03.36.42:555][969]LogModuleManager: Shutting down and abandoning module SceneOutliner (168)
[2014.12.08-03.36.42:555][969]LogModuleManager: Shutting down and abandoning module EditorWidgets (167)
[2014.12.08-03.36.42:555][969]LogModuleManager: Shutting down and abandoning module CollectionManager (166)
[2014.12.08-03.36.42:562][969]LogModuleManager: Shutting down and abandoning module StatsViewer (165)
[2014.12.08-03.36.42:574][969]LogModuleManager: Shutting down and abandoning module FoliageEdit (164)
[2014.12.08-03.36.42:616][969]LogModuleManager: Shutting down and abandoning module LandscapeEditor (163)
[2014.12.08-03.36.42:669][969]LogModuleManager: Shutting down and abandoning module MeshPaint (162)
[2014.12.08-03.36.42:701][969]LogModuleManager: Shutting down and abandoning module ActorPickerMode (161)
[2014.12.08-03.36.42:702][969]LogModuleManager: Shutting down and abandoning module GeometryMode (160)
[2014.12.08-03.36.42:702][969]LogModuleManager: Shutting down and abandoning module TextureAlignMode (159)
[2014.12.08-03.36.42:702][969]LogModuleManager: Shutting down and abandoning module BspMode (158)
[2014.12.08-03.36.42:702][969]LogModuleManager: Shutting down and abandoning module PlacementMode (157)
[2014.12.08-03.36.42:702][969]LogModuleManager: Shutting down and abandoning module DesktopPlatform (156)
[2014.12.08-03.36.42:783][969]LogModuleManager: Shutting down and abandoning module AutomationWorker (155)
[2014.12.08-03.36.42:784][969]LogModuleManager: Shutting down and abandoning module EditorLiveStreaming (154)
[2014.12.08-03.36.42:784][969]LogModuleManager: Shutting down and abandoning module DeviceProfileEditor (153)
[2014.12.08-03.36.42:784][969]LogModuleManager: Shutting down and abandoning module UndoHistory (152)
[2014.12.08-03.36.42:784][969]LogModuleManager: Shutting down and abandoning module GameplayTagsEditor (151)
[2014.12.08-03.36.42:784][969]LogModuleManager: Shutting down and abandoning module UserFeedback (150)
[2014.12.08-03.36.42:784][969]LogModuleManager: Shutting down and abandoning module XmlParser (149)
[2014.12.08-03.36.42:824][969]LogModuleManager: Shutting down and abandoning module Blutility (148)
[2014.12.08-03.36.42:824][969]LogModuleManager: Shutting down and abandoning module IOSPlatformEditor (147)
[2014.12.08-03.36.42:824][969]LogModuleManager: Shutting down and abandoning module IOSRuntimeSettings (146)
[2014.12.08-03.36.42:824][969]LogModuleManager: Shutting down and abandoning module AndroidPlatformEditor (145)
[2014.12.08-03.36.42:824][969]LogModuleManager: Shutting down and abandoning module AndroidRuntimeSettings (144)
[2014.12.08-03.36.42:824][969]LogModuleManager: Shutting down and abandoning module ProjectTargetPlatformEditor (143)
[2014.12.08-03.36.42:831][969]LogModuleManager: Shutting down and abandoning module ProjectSettingsViewer (142)
[2014.12.08-03.36.42:831][969]LogModuleManager: Shutting down and abandoning module InputBindingEditor (141)
[2014.12.08-03.36.42:848][969]LogModuleManager: Shutting down and abandoning module EditorSettingsViewer (140)
[2014.12.08-03.36.42:848][969]LogModuleManager: Shutting down and abandoning module SettingsEditor (139)
[2014.12.08-03.36.42:873][969]LogModuleManager: Shutting down and abandoning module SessionLauncher (138)
[2014.12.08-03.36.42:883][969]LogModuleManager: Shutting down and abandoning module SessionFrontend (137)
[2014.12.08-03.36.42:896][969]LogModuleManager: Shutting down and abandoning module ProfilerClient (136)
[2014.12.08-03.36.42:909][969]LogModuleManager: Shutting down and abandoning module TargetDeviceServices (135)
[2014.12.08-03.36.42:910][969]LogModuleManager: Shutting down and abandoning module DeviceManager (134)
[2014.12.08-03.36.42:958][969]LogModuleManager: Shutting down and abandoning module AutomationController (133)
[2014.12.08-03.36.42:970][969]LogModuleManager: Shutting down and abandoning module AutomationWindow (132)
[2014.12.08-03.36.42:981][969]LogModuleManager: Shutting down and abandoning module Layers (131)
[2014.12.08-03.36.43:035][969]LogModuleManager: Shutting down and abandoning module ComponentVisualizers (130)
[2014.12.08-03.36.43:035][969]LogModuleManager: Shutting down and abandoning module DetailCustomizations (129)
[2014.12.08-03.36.43:113][969]LogModuleManager: Shutting down and abandoning module PackagesDialog (128)
[2014.12.08-03.36.43:113][969]LogModuleManager: Shutting down and abandoning module DirectoryWatcher (127)
[2014.12.08-03.36.43:113][969]LogModuleManager: Shutting down and abandoning module AssetRegistry (126)
[2014.12.08-03.36.43:205][969]LogModuleManager: Shutting down and abandoning module Persona (125)
[2014.12.08-03.36.43:282][969]LogModuleManager: Shutting down and abandoning module GraphEditor (124)
[2014.12.08-03.36.43:282][969]LogModuleManager: Shutting down and abandoning module ClassViewer (123)
[2014.12.08-03.36.43:282][969]LogModuleManager: Shutting down and abandoning module Toolbox (122)
[2014.12.08-03.36.43:282][969]LogModuleManager: Shutting down and abandoning module ModuleUI (121)
[2014.12.08-03.36.43:302][969]LogModuleManager: Shutting down and abandoning module Sequencer (120)
[2014.12.08-03.36.43:365][969]LogModuleManager: Shutting down and abandoning module MovieSceneTools (119)
[2014.12.08-03.36.43:438][969]LogModuleManager: Shutting down and abandoning module OutputLog (118)
[2014.12.08-03.36.43:438][969]LogModuleManager: Shutting down and abandoning module GammaUI (117)
[2014.12.08-03.36.43:444][969]LogModuleManager: Shutting down and abandoning module Documentation (116)
[2014.12.08-03.36.43:444][969]LogModuleManager: Shutting down and abandoning module StreamingPauseRendering (115)
[2014.12.08-03.36.43:485][969]LogModuleManager: Shutting down and abandoning module AnalyticsET (114)
[2014.12.08-03.36.43:485][969]LogModuleManager: Shutting down and abandoning module Analytics (113)
[2014.12.08-03.36.43:485][969]LogModuleManager: Shutting down and abandoning module GameplayDebugger (112)
[2014.12.08-03.36.43:485][969]LogModuleManager: Shutting down and abandoning module AIModule (111)
[2014.12.08-03.36.43:501][969]LogModuleManager: Shutting down and abandoning module ProfilerService (110)
[2014.12.08-03.36.43:577][969]LogModuleManager: Shutting down and abandoning module TaskGraph (109)
[2014.12.08-03.36.43:609][969]LogModuleManager: Shutting down and abandoning module ViewportSnapping (108)
[2014.12.08-03.36.43:609][969]LogModuleManager: Shutting down and abandoning module GameProjectGeneration (107)
[2014.12.08-03.36.43:610][969]LogModuleManager: Shutting down and abandoning module Matinee (106)
[2014.12.08-03.36.43:669][969]LogModuleManager: Shutting down and abandoning module Kismet (105)
[2014.12.08-03.36.43:709][969]LogModuleManager: Shutting down and abandoning module SlateReflector (104)
[2014.12.08-03.36.43:751][969]LogModuleManager: Shutting down and abandoning module LevelEditor (103)
[2014.12.08-03.36.43:763][969]LogModuleManager: Shutting down and abandoning module IntroTutorials (102)
[2014.12.08-03.36.43:788][969]LogModuleManager: Shutting down and abandoning module ContentBrowser (101)
[2014.12.08-03.36.43:788][969]LogModuleManager: Shutting down and abandoning module PropertyEditor (100)
[2014.12.08-03.36.43:788][969]LogModuleManager: Shutting down and abandoning module AssetTools (99)
[2014.12.08-03.36.43:971][969]LogModuleManager: Shutting down and abandoning module MainFrame (98)
[2014.12.08-03.36.43:983][969]LogModuleManager: Shutting down and abandoning module SourceControl (97)
[2014.12.08-03.36.44:052][969]LogModuleManager: Shutting down and abandoning module Escape_Vector (96)
[2014.12.08-03.36.44:052][969]LogModuleManager: Shutting down and abandoning module ImageWrapper (95)
[2014.12.08-03.36.44:052][969]LogModuleManager: Shutting down and abandoning module OnlineBlueprintSupport (94)
[2014.12.08-03.36.44:052][969]LogModuleManager: Shutting down and abandoning module FunctionalTesting (93)
[2014.12.08-03.36.44:057][969]LogModuleManager: Shutting down and abandoning module CollisionAnalyzer (92)
[2014.12.08-03.36.44:282][969]LogModuleManager: Shutting down and abandoning module WorkspaceMenuStructure (91)
[2014.12.08-03.36.44:282][969]LogModuleManager: Shutting down and abandoning module MessageLog (90)
[2014.12.08-03.36.44:282][969]LogModuleManager: Shutting down and abandoning module Slate (89)
[2014.12.08-03.36.44:282][969]LogModuleManager: Shutting down and abandoning module EditorStyle (88)
[2014.12.08-03.36.44:283][969]LogModuleManager: Shutting down and abandoning module SessionServices (87)
[2014.12.08-03.36.44:283][969]LogModuleManager: Shutting down and abandoning module SourceCodeAccess (86)
[2014.12.08-03.36.44:283][969]LogModuleManager: Shutting down and abandoning module HeadMountedDisplay (85)
[2014.12.08-03.36.44:283][969]LogModuleManager: Shutting down and abandoning module XAudio2 (84)
[2014.12.08-03.36.44:283][969]LogModuleManager: Shutting down and abandoning module Networking (82)
[2014.12.08-03.36.44:283][969]LogModuleManager: Shutting down and abandoning module Core (81)
[2014.12.08-03.36.44:283][969]LogModuleManager: Shutting down and abandoning module KismetCompiler (80)
[2014.12.08-03.36.44:283][969]LogModuleManager: Shutting down and abandoning module PhysXFormats (79)
[2014.12.08-03.36.44:283][969]LogModuleManager: Shutting down and abandoning module MeshUtilities (78)
[2014.12.08-03.36.44:298][969]LogModuleManager: Shutting down and abandoning module DerivedDataCache (77)
[2014.12.08-03.36.44:391][969]LogDerivedDataCache: Shutdown
[2014.12.08-03.36.44:391][969]LogModuleManager: Shutting down and abandoning module ShaderFormatOpenGL (76)
[2014.12.08-03.36.44:409][969]LogModuleManager: Shutting down and abandoning module ShaderFormatD3D (75)
[2014.12.08-03.36.44:450][969]LogModuleManager: Shutting down and abandoning module MetalShaderFormat (74)
[2014.12.08-03.36.44:498][969]LogModuleManager: Shutting down and abandoning module TextureFormatUncompressed (73)
[2014.12.08-03.36.44:498][969]LogModuleManager: Shutting down and abandoning module TextureFormatPVR (72)
[2014.12.08-03.36.44:498][969]LogModuleManager: Shutting down and abandoning module TextureFormatDXT (71)
[2014.12.08-03.36.44:498][969]LogModuleManager: Shutting down and abandoning module TextureFormatAndroid (70)
[2014.12.08-03.36.44:498][969]LogModuleManager: Shutting down and abandoning module AudioFormatOpus (69)
[2014.12.08-03.36.44:498][969]LogModuleManager: Shutting down and abandoning module AudioFormatOgg (68)
[2014.12.08-03.36.44:498][969]LogModuleManager: Shutting down and abandoning module AudioFormatADPCM (67)
[2014.12.08-03.36.44:498][969]LogModuleManager: Shutting down and abandoning module Messaging (66)
[2014.12.08-03.36.44:498][969]LogModuleManager: Shutting down and abandoning module IOSTargetPlatform (65)
[2014.12.08-03.36.44:498][969]LogModuleManager: Shutting down and abandoning module Android_PVRTCTargetPlatform (64)
[2014.12.08-03.36.44:498][969]LogModuleManager: Shutting down and abandoning module Android_ETC2TargetPlatform (63)
[2014.12.08-03.36.44:498][969]LogModuleManager: Shutting down and abandoning module Android_ETC1TargetPlatform (62)
[2014.12.08-03.36.44:498][969]LogModuleManager: Shutting down and abandoning module Android_DXTTargetPlatform (61)
[2014.12.08-03.36.44:498][969]LogModuleManager: Shutting down and abandoning module Android_ATCTargetPlatform (60)
[2014.12.08-03.36.44:498][969]LogModuleManager: Shutting down and abandoning module AndroidTargetPlatform (59)
[2014.12.08-03.36.44:498][969]LogModuleManager: Shutting down and abandoning module WindowsTargetPlatform (58)
[2014.12.08-03.36.44:498][969]LogModuleManager: Shutting down and abandoning module WindowsServerTargetPlatform (57)
[2014.12.08-03.36.44:498][969]LogModuleManager: Shutting down and abandoning module WindowsNoEditorTargetPlatform (56)
[2014.12.08-03.36.44:498][969]LogModuleManager: Shutting down and abandoning module WindowsClientTargetPlatform (55)
[2014.12.08-03.36.44:498][969]LogModuleManager: Shutting down and abandoning module TargetPlatform (54)
[2014.12.08-03.36.44:498][969]LogModuleManager: Shutting down and abandoning module InputCore (53)
[2014.12.08-03.36.44:498][969]LogModuleManager: Shutting down and abandoning module Settings (52)
[2014.12.08-03.36.44:498][969]LogModuleManager: Shutting down and abandoning module TextureCompressor (49)
[2014.12.08-03.36.44:498][969]LogModuleManager: Shutting down and abandoning module ShaderCore (48)
[2014.12.08-03.36.44:498][969]LogModuleManager: Shutting down and abandoning module OpenGLDrv (47)
[2014.12.08-03.36.44:498][969]LogModuleManager: Shutting down and abandoning module D3D11RHI (46)
[2014.12.08-03.36.44:498][969]LogModuleManager: Shutting down and abandoning module SlateRHIRenderer (45)
[2014.12.08-03.36.44:498][969]LogModuleManager: Shutting down and abandoning module Renderer (44)
[2014.12.08-03.36.44:498][969]LogModuleManager: Shutting down and abandoning module Engine (43)
[2014.12.08-03.36.44:498][969]LogModuleManager: Shutting down and abandoning module SlateRemote (42)
[2014.12.08-03.36.44:498][969]LogModuleManager: Shutting down and abandoning module ScriptPlugin (41)
[2014.12.08-03.36.44:507][969]LogModuleManager: Shutting down and abandoning module ScriptEditorPlugin (39)
[2014.12.08-03.36.44:507][969]LogModuleManager: Shutting down and abandoning module WindowsMoviePlayer (38)
[2014.12.08-03.36.44:556][969]LogModuleManager: Shutting down and abandoning module ExampleDeviceProfileSelector (31)
[2014.12.08-03.36.44:556][969]LogModuleManager: Shutting down and abandoning module CustomMeshComponent (30)
[2014.12.08-03.36.44:556][969]LogModuleManager: Shutting down and abandoning module CableComponent (29)
[2014.12.08-03.36.44:556][969]LogModuleManager: Shutting down and abandoning module OculusRift (25)
[2014.12.08-03.36.44:587][969]LogModuleManager: Shutting down and abandoning module UdpMessaging (24)
[2014.12.08-03.36.44:688][969]LogModuleManager: Shutting down and abandoning module MessagingDebugger (23)
[2014.12.08-03.36.44:750][969]LogModuleManager: Shutting down and abandoning module SmartSnapping (21)
[2014.12.08-03.36.44:750][969]LogModuleManager: Shutting down and abandoning module PaperJsonImporter (20)
[2014.12.08-03.36.44:750][969]LogModuleManager: Shutting down and abandoning module Paper2DEditor (19)
[2014.12.08-03.36.44:819][969]LogModuleManager: Shutting down and abandoning module Paper2D (18)
[2014.12.08-03.36.44:880][969]LogModuleManager: Shutting down and abandoning module SpeedTreeImporter (14)
[2014.12.08-03.36.44:880][969]LogModuleManager: Shutting down and abandoning module PluginsEditor (13)
[2014.12.08-03.36.44:894][969]LogModuleManager: Shutting down and abandoning module EpicSurvey (12)
[2014.12.08-03.36.44:939][969]LogModuleManager: Shutting down and abandoning module VisualStudioSourceCodeAccess (10)
[2014.12.08-03.36.44:985][969]LogModuleManager: Shutting down and abandoning module UObjectPlugin (9)
[2014.12.08-03.36.44:985][969]LogModuleManager: Shutting down and abandoning module SubversionSourceControl (8)
[2014.12.08-03.36.44:998][969]LogModuleManager: Shutting down and abandoning module PerforceSourceControl (7)
[2014.12.08-03.36.45:059][969]LogModuleManager: Shutting down and abandoning module BlankPlugin (6)
[2014.12.08-03.36.45:059][969]LogModuleManager: Shutting down and abandoning module CoreUObject (5)
[2014.12.08-03.36.45:059][969]LogModuleManager: Shutting down and abandoning module NetworkFile (4)
[2014.12.08-03.36.45:150][969]LogModuleManager: Shutting down and abandoning module StreamingFile (3)
[2014.12.08-03.36.45:162][969]LogModuleManager: Shutting down and abandoning module SandboxFile (2)
[2014.12.08-03.36.45:208][969]LogModuleManager: Shutting down and abandoning module PakFile (1)
[2014.12.08-03.36.45:248][969]LogExit: Exiting.
[2014.12.08-03.36.45:284][969]Log file closed, 12/07/14 22:36:45
